2025-05-31 19:03:05,424 [ERROR] LogOutputStream:75 - [STDERR_REDIRECT] May 31, 2025 7:03:05 PM java.util.prefs.FileSystemPreferences checkLockFile0ErrorCode
2025-05-31 19:03:05,427 [ERROR] LogOutputStream:75 - [STDERR_REDIRECT] WARNING: Could not lock System prefs. Unix error code 2.
2025-05-31 19:03:05,427 [ERROR] LogOutputStream:75 - [STDERR_REDIRECT] 
2025-05-31 19:03:05,429 [ERROR] LogOutputStream:75 - [STDERR_REDIRECT] May 31, 2025 7:03:05 PM java.util.prefs.FileSystemPreferences syncWorld
2025-05-31 19:03:05,430 [ERROR] LogOutputStream:75 - [STDERR_REDIRECT] WARNING: Couldn't flush system prefs: java.util.prefs.BackingStoreException: Couldn't get file lock.
2025-05-31 19:03:05,430 [ERROR] LogOutputStream:75 - [STDERR_REDIRECT] 
2025-05-31 19:04:08,429 [ERROR] LogOutputStream:75 - [STDERR_REDIRECT] May 31, 2025 7:04:08 PM java.util.prefs.FileSystemPreferences checkLockFile0ErrorCode
2025-05-31 19:04:08,430 [ERROR] LogOutputStream:75 - [STDERR_REDIRECT] WARNING: Could not lock System prefs. Unix error code 2.
2025-05-31 19:04:08,430 [ERROR] LogOutputStream:75 - [STDERR_REDIRECT] 
2025-05-31 19:04:08,432 [ERROR] LogOutputStream:75 - [STDERR_REDIRECT] May 31, 2025 7:04:08 PM java.util.prefs.FileSystemPreferences syncWorld
2025-05-31 19:04:08,432 [ERROR] LogOutputStream:75 - [STDERR_REDIRECT] WARNING: Couldn't flush system prefs: java.util.prefs.BackingStoreException: Couldn't get file lock.
2025-05-31 19:04:08,433 [ERROR] LogOutputStream:75 - [STDERR_REDIRECT] 
2025-05-31 19:04:38,430 [ERROR] LogOutputStream:75 - [STDERR_REDIRECT] May 31, 2025 7:04:38 PM java.util.prefs.FileSystemPreferences checkLockFile0ErrorCode
2025-05-31 19:04:38,430 [ERROR] LogOutputStream:75 - [STDERR_REDIRECT] WARNING: Could not lock System prefs. Unix error code 2.
2025-05-31 19:04:38,431 [ERROR] LogOutputStream:75 - [STDERR_REDIRECT] 
2025-05-31 19:04:38,432 [ERROR] LogOutputStream:75 - [STDERR_REDIRECT] May 31, 2025 7:04:38 PM java.util.prefs.FileSystemPreferences syncWorld
2025-05-31 19:04:38,432 [ERROR] LogOutputStream:75 - [STDERR_REDIRECT] WARNING: Couldn't flush system prefs: java.util.prefs.BackingStoreException: Couldn't get file lock.
2025-05-31 19:04:38,432 [ERROR] LogOutputStream:75 - [STDERR_REDIRECT] 
2025-05-31 19:05:08,424 [ERROR] LogOutputStream:75 - [STDERR_REDIRECT] May 31, 2025 7:05:08 PM java.util.prefs.FileSystemPreferences checkLockFile0ErrorCode
2025-05-31 19:05:08,425 [ERROR] LogOutputStream:75 - [STDERR_REDIRECT] WARNING: Could not lock System prefs. Unix error code 2.
2025-05-31 19:05:08,425 [ERROR] LogOutputStream:75 - [STDERR_REDIRECT] 
2025-05-31 19:05:08,426 [ERROR] LogOutputStream:75 - [STDERR_REDIRECT] May 31, 2025 7:05:08 PM java.util.prefs.FileSystemPreferences syncWorld
2025-05-31 19:05:08,427 [ERROR] LogOutputStream:75 - [STDERR_REDIRECT] WARNING: Couldn't flush system prefs: java.util.prefs.BackingStoreException: Couldn't get file lock.
2025-05-31 19:05:08,427 [ERROR] LogOutputStream:75 - [STDERR_REDIRECT] 
2025-05-31 19:05:38,425 [ERROR] LogOutputStream:75 - [STDERR_REDIRECT] May 31, 2025 7:05:38 PM java.util.prefs.FileSystemPreferences checkLockFile0ErrorCode
2025-05-31 19:05:38,426 [ERROR] LogOutputStream:75 - [STDERR_REDIRECT] WARNING: Could not lock System prefs. Unix error code 2.
2025-05-31 19:05:38,426 [ERROR] LogOutputStream:75 - [STDERR_REDIRECT] 
2025-05-31 19:05:38,427 [ERROR] LogOutputStream:75 - [STDERR_REDIRECT] May 31, 2025 7:05:38 PM java.util.prefs.FileSystemPreferences syncWorld
2025-05-31 19:05:38,427 [ERROR] LogOutputStream:75 - [STDERR_REDIRECT] WARNING: Couldn't flush system prefs: java.util.prefs.BackingStoreException: Couldn't get file lock.
2025-05-31 19:05:38,427 [ERROR] LogOutputStream:75 - [STDERR_REDIRECT] 
2025-05-31 19:06:08,426 [ERROR] LogOutputStream:75 - [STDERR_REDIRECT] May 31, 2025 7:06:08 PM java.util.prefs.FileSystemPreferences checkLockFile0ErrorCode
2025-05-31 19:06:08,427 [ERROR] LogOutputStream:75 - [STDERR_REDIRECT] WARNING: Could not lock System prefs. Unix error code 2.
2025-05-31 19:06:08,427 [ERROR] LogOutputStream:75 - [STDERR_REDIRECT] 
2025-05-31 19:06:08,428 [ERROR] LogOutputStream:75 - [STDERR_REDIRECT] May 31, 2025 7:06:08 PM java.util.prefs.FileSystemPreferences syncWorld
2025-05-31 19:06:08,428 [ERROR] LogOutputStream:75 - [STDERR_REDIRECT] WARNING: Couldn't flush system prefs: java.util.prefs.BackingStoreException: Couldn't get file lock.
2025-05-31 19:06:08,429 [ERROR] LogOutputStream:75 - [STDERR_REDIRECT] 
2025-05-31 19:06:26,809 [ERROR] LogOutputStream:75 - [STDERR_REDIRECT] 
